0 info it worked if it ends with ok
1 verbose cli [ 'D:\\Program Files\\nodejs\\node.exe',
1 verbose cli   'D:\\Program Files\\nodejs\\node_modules\\npm\\bin\\npm-cli.js',
1 verbose cli   'run',
1 verbose cli   'webpack' ]
2 info using npm@3.10.10
3 info using node@v6.9.4
4 verbose run-script [ 'prewebpack', 'webpack', 'postwebpack' ]
5 info lifecycle webpack-demo@1.0.0~prewebpack: webpack-demo@1.0.0
6 silly lifecycle webpack-demo@1.0.0~prewebpack: no script for prewebpack, continuing
7 info lifecycle webpack-demo@1.0.0~webpack: webpack-demo@1.0.0
8 verbose lifecycle webpack-demo@1.0.0~webpack: unsafe-perm in lifecycle true
9 verbose lifecycle webpack-demo@1.0.0~webpack: PATH: D:\Program Files\nodejs\node_modules\npm\bin\node-gyp-bin;I:\server\nginx-1.10.1\html\webpack-demo\node_modules\.bin;C:\Users\fuyu\bin;D:\Program Files\Git\mingw64\bin;D:\Program Files\Git\usr\local\bin;D:\Program Files\Git\usr\bin;D:\Program Files\Git\usr\bin;D:\Program Files\Git\mingw64\bin;D:\Program Files\Git\usr\bin;C:\Users\fuyu\bin;C:\WINDOWS\system32;C:\WINDOWS;C:\WINDOWS\System32\Wbem;C:\WINDOWS\System32\WindowsPowerShell\v1.0;D:\wamp\bin\php\php5.5.12;D:\Program Files\TortoiseGit\bin;D:\Program Files\nodejs;D:\Program Files\TortoiseSVN\bin;D:\wamp\bin\php\php5.5.12;I:\server\mysql-5.7.10-winx64\bin;C:\Users\fuyu\AppData\Local\Microsoft\WindowsApps;C:\Users\fuyu\AppData\Roaming\npm;D:\Program Files\Git\usr\bin\vendor_perl;D:\Program Files\Git\usr\bin\core_perl
10 verbose lifecycle webpack-demo@1.0.0~webpack: CWD: I:\server\nginx-1.10.1\html\webpack-demo
11 silly lifecycle webpack-demo@1.0.0~webpack: Args: [ '/d /s /c',
11 silly lifecycle   'webpack --config webpack.config.js --progress --display-modules --colors --display-reasons' ]
12 silly lifecycle webpack-demo@1.0.0~webpack: Returned: code: 2  signal: null
13 info lifecycle webpack-demo@1.0.0~webpack: Failed to exec webpack script
14 verbose stack Error: webpack-demo@1.0.0 webpack: `webpack --config webpack.config.js --progress --display-modules --colors --display-reasons`
14 verbose stack Exit status 2
14 verbose stack     at EventEmitter.<anonymous> (D:\Program Files\nodejs\node_modules\npm\lib\utils\lifecycle.js:255:16)
14 verbose stack     at emitTwo (events.js:106:13)
14 verbose stack     at EventEmitter.emit (events.js:191:7)
14 verbose stack     at ChildProcess.<anonymous> (D:\Program Files\nodejs\node_modules\npm\lib\utils\spawn.js:40:14)
14 verbose stack     at emitTwo (events.js:106:13)
14 verbose stack     at ChildProcess.emit (events.js:191:7)
14 verbose stack     at maybeClose (internal/child_process.js:877:16)
14 verbose stack     at Process.ChildProcess._handle.onexit (internal/child_process.js:226:5)
15 verbose pkgid webpack-demo@1.0.0
16 verbose cwd I:\server\nginx-1.10.1\html\webpack-demo
17 error Windows_NT 10.0.14393
18 error argv "D:\\Program Files\\nodejs\\node.exe" "D:\\Program Files\\nodejs\\node_modules\\npm\\bin\\npm-cli.js" "run" "webpack"
19 error node v6.9.4
20 error npm  v3.10.10
21 error code ELIFECYCLE
22 error webpack-demo@1.0.0 webpack: `webpack --config webpack.config.js --progress --display-modules --colors --display-reasons`
22 error Exit status 2
23 error Failed at the webpack-demo@1.0.0 webpack script 'webpack --config webpack.config.js --progress --display-modules --colors --display-reasons'.
23 error Make sure you have the latest version of node.js and npm installed.
23 error If you do, this is most likely a problem with the webpack-demo package,
23 error not with npm itself.
23 error Tell the author that this fails on your system:
23 error     webpack --config webpack.config.js --progress --display-modules --colors --display-reasons
23 error You can get information on how to open an issue for this project with:
23 error     npm bugs webpack-demo
23 error Or if that isn't available, you can get their info via:
23 error     npm owner ls webpack-demo
23 error There is likely additional logging output above.
24 verbose exit [ 1, true ]
